#
# There is insufficient memory for the Java Runtime Environment to continue.
# Native memory allocation (mmap) failed to map 266338304 bytes for Failed to commit area from 0x0000000703600000 to 0x0000000713400000 of length 266338304.
# Possible reasons:
#   The system is out of physical RAM or swap space
#   The process is running with CompressedOops enabled, and the Java Heap may be blocking the growth of the native heap
# Possible solutions:
#   Reduce memory load on the system
#   Increase physical memory or swap space
#   Check if swap backing store is full
#   Decrease Java heap size (-Xmx/-Xms)
#   Decrease number of Java threads
#   Decrease Java thread stack sizes (-Xss)
#   Set larger code cache with -XX:ReservedCodeCacheSize=
# This output file may be truncated or incomplete.
#
#  Out of Memory Error (c:/BuildAgent/work/64e6ab55ab19e5a9/src/hotspot/os/windows/os_windows.cpp:3272), pid=21584, tid=7836
#
# JRE version:  (11.0.2+9) (build )
# Java VM: OpenJDK 64-Bit Server VM (11.0.2+9-b159.56, mixed mode, aot, sharing, tiered, compressed oops, g1 gc, windows-amd64)
# No core dump will be written. Minidumps are not enabled by default on client versions of Windows
#

---------------  S U M M A R Y ------------

Command Line: org.jetbrains.git4idea.http.GitAskPassApp Username for 'https://gitlab.svi.edu.au': 

Host: Intel(R) Core(TM) i7-8700 CPU @ 3.20GHz, 12 cores, 15G,  Windows 10 , 64 bit Build 19041 (10.0.19041.1889)
Time: Tue Nov  8 01:07:41 2022 AUS Eastern Daylight Time elapsed time: 0 seconds (0d 0h 0m 0s)

---------------  T H R E A D  ---------------

Current thread (0x000002988aca8000):  JavaThread "Unknown thread" [_thread_in_vm, id=7836, stack(0x000000a55d600000,0x000000a55d700000)]

Stack: [0x000000a55d600000,0x000000a55d700000]
Native frames: (J=compiled Java code, j=interpreted, Vv=VM code, C=native code)
V  [jvm.dll+0x5da82a]
V  [jvm.dll+0x70b6c9]
V  [jvm.dll+0x70cbe8]
V  [jvm.dll+0x70d2b3]
V  [jvm.dll+0x240f18]
V  [jvm.dll+0x5d7fc4]
V  [jvm.dll+0x5cd115]
V  [jvm.dll+0x2fa5eb]
V  [jvm.dll+0x2fa55a]
V  [jvm.dll+0x2fa432]
V  [jvm.dll+0x2ff316]
V  [jvm.dll+0x347993]
V  [jvm.dll+0x348096]
V  [jvm.dll+0x347a93]
V  [jvm.dll+0x2d5588]
V  [jvm.dll+0x2d66c7]
V  [jvm.dll+0x6eaac7]
V  [jvm.dll+0x6ec22c]
V  [jvm.dll+0x3551c9]
V  [jvm.dll+0x6d274e]
V  [jvm.dll+0x3bd953]
V  [jvm.dll+0x3bfcc1]
C  [java.exe+0x3763]
C  [java.exe+0x17a0c]
C  [KERNEL32.DLL+0x17034]
C  [ntdll.dll+0x526a1]


---------------  P R O C E S S  ---------------

Threads class SMR info:
_java_thread_list=0x0000029889244950, length=0, elements={
}

Java Threads: ( => current thread )

Other Threads:
  0x000002988acbb000 GCTaskThread "GC Thread#0" [stack: 0x000000a55d700000,0x000000a55d800000] [id=14948]
  0x000002989dc97000 ConcurrentGCThread "G1 Main Marker" [stack: 0x000000a55d800000,0x000000a55d900000] [id=25068]
  0x000002989dc9a000 ConcurrentGCThread "G1 Conc#0" [stack: 0x000000a55d900000,0x000000a55da00000] [id=25320]

[error occurred during error reporting (printing all threads), id 0xc0000005, EXCEPTION_ACCESS_VIOLATION (0xc0000005) at pc=0x00007ffcee6c5687]

VM state:not at safepoint (not fully initialized)

VM Mutex/Monitor currently owned by a thread:  ([mutex/lock_event])
[0x000002988aca2f80] Heap_lock - owner thread: 0x000002988aca8000

Heap address: 0x0000000703600000, size: 4042 MB, Compressed Oops mode: Non-zero based: 0x0000000703600000
Narrow klass base: 0x0000000000000000, Narrow klass shift: 0

GC Heap History (0 events):
No events

Deoptimization events (0 events):
No events

Classes redefined (0 events):
No events

Internal exceptions (0 events):
No events

Events (0 events):
No events


Dynamic libraries:
0x00007ff680160000 - 0x00007ff6801a7000 	D:\program\pycharm\afterinstallation_2019-01-02\PyCharm Community Edition 2019.1.2\jre64\bin\java.exe
0x00007ffd5a630000 - 0x00007ffd5a828000 	C:\WINDOWS\SYSTEM32\ntdll.dll
0x00007ffd5a3d0000 - 0x00007ffd5a48d000 	C:\WINDOWS\System32\KERNEL32.DLL
0x00007ffd580d0000 - 0x00007ffd583a2000 	C:\WINDOWS\System32\KERNELBASE.dll
0x00007ffd594d0000 - 0x00007ffd5966d000 	C:\WINDOWS\System32\USER32.dll
0x00007ffd57d40000 - 0x00007ffd57d62000 	C:\WINDOWS\System32\win32u.dll
0x00007ffd59040000 - 0x00007ffd5906b000 	C:\WINDOWS\System32\GDI32.dll
0x00007ffd584b0000 - 0x00007ffd585bf000 	C:\WINDOWS\System32\gdi32full.dll
0x00007ffd585f0000 - 0x00007ffd5868d000 	C:\WINDOWS\System32\msvcp_win.dll
0x00007ffd583b0000 - 0x00007ffd584b0000 	C:\WINDOWS\System32\ucrtbase.dll
0x00007ffd45480000 - 0x00007ffd4571a000 	C:\WINDOWS\WinSxS\amd64_microsoft.windows.common-controls_6595b64144ccf1df_6.0.19041.1110_none_60b5254171f9507e\COMCTL32.dll
0x00007ffd59ab0000 - 0x00007ffd59b4e000 	C:\WINDOWS\System32\msvcrt.dll
0x00007ffd5a5c0000 - 0x00007ffd5a5f0000 	C:\WINDOWS\System32\IMM32.DLL
0x000002988ab70000 - 0x000002988ab84000 	C:\WINDOWS\System32\umppc15908.dll
0x00007ffd57b00000 - 0x00007ffd57b8b000 	C:\Program Files\AppSense\Environment Manager\Agent\EmLoader.dll
0x00007ffd59300000 - 0x00007ffd5942a000 	C:\WINDOWS\System32\ole32.dll
0x00007ffd5a490000 - 0x00007ffd5a5b5000 	C:\WINDOWS\System32\RPCRT4.dll
0x00007ffd59b50000 - 0x00007ffd59ea4000 	C:\WINDOWS\System32\combase.dll
0x00007ffd337c0000 - 0x00007ffd33806000 	C:\Program Files\AppSense\Application Manager\Agent\AMLdrAppInit.dll
0x00007ffd33670000 - 0x00007ffd337b9000 	C:\Program Files\AppSense\Application Manager\Agent\AMAppHook.dll
0x00007ffd599c0000 - 0x00007ffd59a2b000 	C:\WINDOWS\System32\WS2_32.dll
0x00007ffd597e0000 - 0x00007ffd5988e000 	C:\WINDOWS\System32\ADVAPI32.dll
0x00007ffd59430000 - 0x00007ffd594cc000 	C:\WINDOWS\System32\sechost.dll
0x00007ffd586a0000 - 0x00007ffd58de3000 	C:\WINDOWS\System32\SHELL32.dll
0x00007ffd56b70000 - 0x00007ffd56c7d000 	C:\WINDOWS\SYSTEM32\WINHTTP.dll
0x00007ffd579b0000 - 0x00007ffd579ba000 	C:\WINDOWS\SYSTEM32\VERSION.dll
0x00007ffd56640000 - 0x00007ffd56977000 	C:\WINDOWS\SYSTEM32\msi.dll
0x00007ffd585c0000 - 0x00007ffd585e7000 	C:\WINDOWS\System32\bcrypt.dll
0x00007ffd54130000 - 0x00007ffd54195000 	C:\WINDOWS\SYSTEM32\wevtapi.dll
0x00007ffd40dd0000 - 0x00007ffd40de7000 	D:\program\pycharm\afterinstallation_2019-01-02\PyCharm Community Edition 2019.1.2\jre64\bin\vcruntime140.dll
0x00007ffd40450000 - 0x00007ffd404ed000 	D:\program\pycharm\afterinstallation_2019-01-02\PyCharm Community Edition 2019.1.2\jre64\bin\msvcp140.dll
0x00007ffcee3e0000 - 0x00007ffceee96000 	D:\program\pycharm\afterinstallation_2019-01-02\PyCharm Community Edition 2019.1.2\jre64\bin\server\jvm.dll
0x00007ffd58e80000 - 0x00007ffd58e88000 	C:\WINDOWS\System32\PSAPI.DLL
0x00007ffd3ed90000 - 0x00007ffd3ed99000 	C:\WINDOWS\SYSTEM32\WSOCK32.dll
0x00007ffd411b0000 - 0x00007ffd411d7000 	C:\WINDOWS\SYSTEM32\WINMM.dll
0x00007ffd55e80000 - 0x00007ffd55e92000 	C:\WINDOWS\SYSTEM32\kernel.appcore.dll
0x00007ffd40db0000 - 0x00007ffd40dc1000 	D:\program\pycharm\afterinstallation_2019-01-02\PyCharm Community Edition 2019.1.2\jre64\bin\verify.dll
0x00007ffd4ac70000 - 0x00007ffd4ae54000 	C:\WINDOWS\SYSTEM32\DBGHELP.DLL
0x00007ffd41900000 - 0x00007ffd4192c000 	C:\WINDOWS\SYSTEM32\dbgcore.DLL
0x00007ffd57d70000 - 0x00007ffd57df2000 	C:\WINDOWS\System32\bcryptPrimitives.dll
0x00007ffd40d30000 - 0x00007ffd40d59000 	D:\program\pycharm\afterinstallation_2019-01-02\PyCharm Community Edition 2019.1.2\jre64\bin\java.dll
0x00007ffd40d10000 - 0x00007ffd40d27000 	D:\program\pycharm\afterinstallation_2019-01-02\PyCharm Community Edition 2019.1.2\jre64\bin\zip.dll
0x00007ffd48710000 - 0x00007ffd4871b000 	D:\program\pycharm\afterinstallation_2019-01-02\PyCharm Community Edition 2019.1.2\jre64\bin\jimage.dll

dbghelp: loaded successfully - version: 4.0.5 - missing functions: none
symbol engine: initialized successfully - sym options: 0x614 - pdb path: .;D:\program\pycharm\afterinstallation_2019-01-02\PyCharm Community Edition 2019.1.2\jre64\bin;C:\WINDOWS\SYSTEM32;C:\WINDOWS\WinSxS\amd64_microsoft.windows.common-controls_6595b64144ccf1df_6.0.19041.1110_none_60b5254171f9507e;C:\Program Files\AppSense\Environment Manager\Agent;C:\Program Files\AppSense\Application Manager\Agent;D:\program\pycharm\afterinstallation_2019-01-02\PyCharm Community Edition 2019.1.2\jre64\bin\server

VM Arguments:
java_command: org.jetbrains.git4idea.http.GitAskPassApp Username for 'https://gitlab.svi.edu.au': 
java_class_path (initial): D:/program/pycharm/afterinstallation_2019-01-02/PyCharm Community Edition 2019.1.2/plugins/git4idea/lib/git4idea-rt.jar;D:/program/pycharm/afterinstallation_2019-01-02/PyCharm Community Edition 2019.1.2/lib/xmlrpc-2.0.1.jar;D:/program/pycharm/afterinstallation_2019-01-02/PyCharm Community Edition 2019.1.2/lib/commons-codec-1.10.jar;D:/program/pycharm/afterinstallation_2019-01-02/PyCharm Community Edition 2019.1.2/lib/util.jar
Launcher Type: SUN_STANDARD

[Global flags]
     intx CICompilerCount                          = 4                                         {product} {ergonomic}
     uint ConcGCThreads                            = 3                                         {product} {ergonomic}
     uint G1ConcRefinementThreads                  = 10                                        {product} {ergonomic}
   size_t G1HeapRegionSize                         = 1048576                                   {product} {ergonomic}
    uintx GCDrainStackTargetSize                   = 64                                        {product} {ergonomic}
   size_t InitialHeapSize                          = 266338304                                 {product} {ergonomic}
   size_t MarkStackSize                            = 4194304                                   {product} {ergonomic}
   size_t MaxHeapSize                              = 4238344192                                {product} {ergonomic}
   size_t MinHeapDeltaBytes                        = 1048576                                   {product} {ergonomic}
    uintx NonNMethodCodeHeapSize                   = 5835340                                {pd product} {ergonomic}
    uintx NonProfiledCodeHeapSize                  = 122911450                              {pd product} {ergonomic}
    uintx ProfiledCodeHeapSize                     = 122911450                              {pd product} {ergonomic}
    uintx ReservedCodeCacheSize                    = 251658240                              {pd product} {ergonomic}
     bool SegmentedCodeCache                       = true                                      {product} {ergonomic}
     bool UseCompressedClassPointers               = true                                 {lp64_product} {ergonomic}
     bool UseCompressedOops                        = true                                 {lp64_product} {ergonomic}
     bool UseG1GC                                  = true                                      {product} {ergonomic}
     bool UseLargePagesIndividualAllocation        = false                                  {pd product} {ergonomic}

Logging:
Log output configuration:
 #0: stdout all=warning uptime,level,tags
 #1: stderr all=off uptime,level,tags

Environment Variables:
PATH=D:/program/git/afterinstallation/Git/mingw64/libexec/git-core;D:/program/git/afterinstallation/Git/mingw64/libexec/git-core;D:\program\git\afterinstallation\Git\mingw64\bin;D:\program\git\afterinstallation\Git\usr\bin;C:\Users\HULI2\bin;C:\ProgramData\Oracle\Java\javapath;C:\WINDOWS\system32;C:\WINDOWS;C:\WINDOWS\System32\Wbem;C:\WINDOWS\System32\WindowsPowerShell\v1.0\;C:\WINDOWS\System32\OpenSSH\;D:\program\git\afterinstallation\Git\cmd;D:\program\Putty\afterinstallation\;C:\Users\HULI2\AppData\Local\Microsoft\WindowsApps;D:\program\pycharm\afterinstallation_2019-01-02\PyCharm Community Edition 2019.1.2\bin;;C:\Users\HULI2\AppData\Local\Programs\Microsoft VS Code\bin;
USERNAME=huli2
DISPLAY=:0.0
OS=Windows_NT
PROCESSOR_IDENTIFIER=Intel64 Family 6 Model 158 Stepping 10, GenuineIntel



---------------  S Y S T E M  ---------------

OS: Windows 10 , 64 bit Build 19041 (10.0.19041.1889)

CPU:total 12 (initial active 12) (6 cores per cpu, 2 threads per core) family 6 model 158 stepping 10, cmov, cx8, fxsr, mmx, sse, sse2, sse3, ssse3, sse4.1, sse4.2, popcnt, avx, avx2, aes, clmul, erms, rtm, 3dnowpref, lzcnt, ht, tsc, tscinvbit, bmi1, bmi2, adx, fma

Memory: 4k page, system-wide physical 16163M (6995M free)
TotalPageFile size 29004M (AvailPageFile size 62M)
current process WorkingSet (physical memory assigned to process): 13M, peak: 13M
current process commit charge ("private bytes"): 66M, peak: 319M

vm_info: OpenJDK 64-Bit Server VM (11.0.2+9-b159.56) for windows-amd64 JRE (11.0.2+9-b159.56), built on Apr 30 2019 15:48:48 by "" with MS VC++ 14.0 (VS2015)

END.
